<?xml version="1.0" encoding="UTF-8"?>
<!-- Generated by org.testng.reporters.JUnitReportReporter -->
<testsuite skipped="2" hostname="DESKTOP-AENQTTQ" name="com.xul.cases.UpdateUserInfoTest" tests="2" failures="0" timestamp="28 五月 2018 12:45:45 GMT" time="0.000" errors="0">
  <testcase name="updateUserInfo" time="0.000" classname="com.xul.cases.UpdateUserInfoTest">
    <skipped/>
  </testcase> <!-- updateUserInfo -->
  <testcase name="deleteUser" time="0.000" classname="com.xul.cases.UpdateUserInfoTest">
    <skipped/>
  </testcase> <!-- deleteUser -->
</testsuite> <!-- com.xul.cases.UpdateUserInfoTest -->
