<?xml version="1.0" encoding="UTF-8"?>
<!-- Generated by org.testng.reporters.JUnitReportReporter -->
<testsuite skipped="1" hostname="DESKTOP-AENQTTQ" name="com.xul.cases.GetUserInfoTest" tests="1" failures="0" timestamp="28 五月 2018 12:45:45 GMT" time="0.000" errors="0">
  <testcase name="getUserInfo" time="0.000" classname="com.xul.cases.GetUserInfoTest">
    <skipped/>
  </testcase> <!-- getUserInfo -->
</testsuite> <!-- com.xul.cases.GetUserInfoTest -->
